-- Found ament_cmake: 2.5.5 (/opt/ros/jazzy/share/ament_cmake/cmake)
-- Found rclcpp: 28.1.16 (/opt/ros/jazzy/share/rclcpp/cmake)
-- Found rosidl_generator_c: 4.6.7 (/opt/ros/jazzy/share/rosidl_generator_c/cmake)
-- Found rosidl_generator_cpp: 4.6.7 (/opt/ros/jazzy/share/rosidl_generator_cpp/cmake)
-- Using all available rosidl_typesupport_c: rosidl_typesupport_fastrtps_c;rosidl_typesupport_introspection_c
-- Using all available rosidl_typesupport_cpp: rosidl_typesupport_fastrtps_cpp;rosidl_typesupport_introspection_cpp
-- Found rmw_implementation_cmake: 7.3.3 (/opt/ros/jazzy/share/rmw_implementation_cmake/cmake)
-- Found rmw_fastrtps_cpp: 8.4.3 (/opt/ros/jazzy/share/rmw_fastrtps_cpp/cmake)
-- Using RMW implementation 'rmw_fastrtps_cpp' as default
-- Found geometry_msgs: 5.3.6 (/opt/ros/jazzy/share/geometry_msgs/cmake)
-- Found sensor_msgs: 5.3.6 (/opt/ros/jazzy/share/sensor_msgs/cmake)
-- Found visualization_msgs: 5.3.6 (/opt/ros/jazzy/share/visualization_msgs/cmake)
-- Found tf2: 0.36.19 (/opt/ros/jazzy/share/tf2/cmake)
-- Found tf2_ros: 0.36.19 (/opt/ros/jazzy/share/tf2_ros/cmake)
-- Configuring done (1.1s)
-- Generating done (0.0s)
-- Build files have been written to: /home/esus_is_ord/cdpr_ros2_ws/build/cdpr_control
[ 50%] [32mBuilding CXX object CMakeFiles/cdpr_controller.dir/src/cdpr_controller_simple.cpp.o[0m
[100%] [32m[1mLinking CXX executable cdpr_controller[0m
[100%] Built target cdpr_controller
-- Install configuration: ""
-- Installing: /home/esus_is_ord/cdpr_ros2_ws/install/cdpr_control/lib/cdpr_control/cdpr_controller
-- Set non-toolchain portion of runtime path of "/home/esus_is_ord/cdpr_ros2_ws/install/cdpr_control/lib/cdpr_control/cdpr_controller" to ""
-- Installing: /home/esus_is_ord/cdpr_ros2_ws/install/cdpr_control/share/cdpr_control/launch
-- Installing: /home/esus_is_ord/cdpr_ros2_ws/install/cdpr_control/share/cdpr_control/launch/cdpr_simulation.launch.py
-- Installing: /home/esus_is_ord/cdpr_ros2_ws/install/cdpr_control/share/cdpr_control/rviz
-- Installing: /home/esus_is_ord/cdpr_ros2_ws/install/cdpr_control/share/cdpr_control/rviz/cdpr_visualization.rviz
-- Installing: /home/esus_is_ord/cdpr_ros2_ws/install/cdpr_control/share/cdpr_control/worlds
-- Installing: /home/esus_is_ord/cdpr_ros2_ws/install/cdpr_control/share/cdpr_control/worlds/cdpr_8cables_valid.sdf
-- Installing: /home/esus_is_ord/cdpr_ros2_ws/install/cdpr_control/lib/cdpr_control/cdpr_visualizer.py
-- Installing: /home/esus_is_ord/cdpr_ros2_ws/install/cdpr_control/share/ament_index/resource_index/package_run_dependencies/cdpr_control
-- Installing: /home/esus_is_ord/cdpr_ros2_ws/install/cdpr_control/share/ament_index/resource_index/parent_prefix_path/cdpr_control
-- Installing: /home/esus_is_ord/cdpr_ros2_ws/install/cdpr_control/share/cdpr_control/environment/ament_prefix_path.sh
-- Installing: /home/esus_is_ord/cdpr_ros2_ws/install/cdpr_control/share/cdpr_control/environment/ament_prefix_path.dsv
-- Installing: /home/esus_is_ord/cdpr_ros2_ws/install/cdpr_control/share/cdpr_control/environment/path.sh
-- Installing: /home/esus_is_ord/cdpr_ros2_ws/install/cdpr_control/share/cdpr_control/environment/path.dsv
-- Installing: /home/esus_is_ord/cdpr_ros2_ws/install/cdpr_control/share/cdpr_control/local_setup.bash
-- Installing: /home/esus_is_ord/cdpr_ros2_ws/install/cdpr_control/share/cdpr_control/local_setup.sh
-- Installing: /home/esus_is_ord/cdpr_ros2_ws/install/cdpr_control/share/cdpr_control/local_setup.zsh
-- Installing: /home/esus_is_ord/cdpr_ros2_ws/install/cdpr_control/share/cdpr_control/local_setup.dsv
-- Up-to-date: /home/esus_is_ord/cdpr_ros2_ws/install/cdpr_control/share/cdpr_control/package.dsv
-- Installing: /home/esus_is_ord/cdpr_ros2_ws/install/cdpr_control/share/ament_index/resource_index/packages/cdpr_control
-- Installing: /home/esus_is_ord/cdpr_ros2_ws/install/cdpr_control/share/cdpr_control/cmake/cdpr_controlConfig.cmake
-- Installing: /home/esus_is_ord/cdpr_ros2_ws/install/cdpr_control/share/cdpr_control/cmake/cdpr_controlConfig-version.cmake
-- Installing: /home/esus_is_ord/cdpr_ros2_ws/install/cdpr_control/share/cdpr_control/package.xml
