[0.015s] Invoking command in '/home/esus_is_ord/cdpr_ros2_ws/build/cdpr_control': CMAKE_PREFIX_PATH=${CMAKE_PREFIX_PATH}:/opt/ros/jazzy /usr/bin/cmake --build /home/esus_is_ord/cdpr_ros2_ws/build/cdpr_control -- -j12 -l12
[0.098s] -- Found ament_cmake: 2.5.5 (/opt/ros/jazzy/share/ament_cmake/cmake)
[0.343s] -- Found rclcpp: 28.1.16 (/opt/ros/jazzy/share/rclcpp/cmake)
[0.456s] -- Found rosidl_generator_c: 4.6.7 (/opt/ros/jazzy/share/rosidl_generator_c/cmake)
[0.469s] -- Found rosidl_generator_cpp: 4.6.7 (/opt/ros/jazzy/share/rosidl_generator_cpp/cmake)
[0.488s] -- Using all available rosidl_typesupport_c: rosidl_typesupport_fastrtps_c;rosidl_typesupport_introspection_c
[0.508s] -- Using all available rosidl_typesupport_cpp: rosidl_typesupport_fastrtps_cpp;rosidl_typesupport_introspection_cpp
[0.599s] -- Found rmw_implementation_cmake: 7.3.3 (/opt/ros/jazzy/share/rmw_implementation_cmake/cmake)
[0.602s] -- Found rmw_fastrtps_cpp: 8.4.3 (/opt/ros/jazzy/share/rmw_fastrtps_cpp/cmake)
[0.720s] -- Using RMW implementation 'rmw_fastrtps_cpp' as default
[0.845s] -- Found geometry_msgs: 5.3.6 (/opt/ros/jazzy/share/geometry_msgs/cmake)
[0.892s] -- Found sensor_msgs: 5.3.6 (/opt/ros/jazzy/share/sensor_msgs/cmake)
[0.925s] -- Found visualization_msgs: 5.3.6 (/opt/ros/jazzy/share/visualization_msgs/cmake)
[0.966s] -- Found tf2: 0.36.19 (/opt/ros/jazzy/share/tf2/cmake)
[0.972s] -- Found tf2_ros: 0.36.19 (/opt/ros/jazzy/share/tf2_ros/cmake)
[1.228s] -- Configuring done (1.1s)
[1.249s] -- Generating done (0.0s)
[1.255s] -- Build files have been written to: /home/esus_is_ord/cdpr_ros2_ws/build/cdpr_control
[1.299s] [ 50%] [32mBuilding CXX object CMakeFiles/cdpr_controller.dir/src/cdpr_controller_simple.cpp.o[0m
[8.175s] [100%] [32m[1mLinking CXX executable cdpr_controller[0m
[8.516s] [100%] Built target cdpr_controller
[8.528s] Invoked command in '/home/esus_is_ord/cdpr_ros2_ws/build/cdpr_control' returned '0': CMAKE_PREFIX_PATH=${CMAKE_PREFIX_PATH}:/opt/ros/jazzy /usr/bin/cmake --build /home/esus_is_ord/cdpr_ros2_ws/build/cdpr_control -- -j12 -l12
[8.538s] Invoking command in '/home/esus_is_ord/cdpr_ros2_ws/build/cdpr_control': CMAKE_PREFIX_PATH=${CMAKE_PREFIX_PATH}:/opt/ros/jazzy /usr/bin/cmake --install /home/esus_is_ord/cdpr_ros2_ws/build/cdpr_control
[8.546s] -- Install configuration: ""
[8.547s] -- Installing: /home/esus_is_ord/cdpr_ros2_ws/install/cdpr_control/lib/cdpr_control/cdpr_controller
[8.549s] -- Set non-toolchain portion of runtime path of "/home/esus_is_ord/cdpr_ros2_ws/install/cdpr_control/lib/cdpr_control/cdpr_controller" to ""
[8.549s] -- Installing: /home/esus_is_ord/cdpr_ros2_ws/install/cdpr_control/share/cdpr_control/launch
[8.550s] -- Installing: /home/esus_is_ord/cdpr_ros2_ws/install/cdpr_control/share/cdpr_control/launch/cdpr_simulation.launch.py
[8.550s] -- Installing: /home/esus_is_ord/cdpr_ros2_ws/install/cdpr_control/share/cdpr_control/rviz
[8.551s] -- Installing: /home/esus_is_ord/cdpr_ros2_ws/install/cdpr_control/share/cdpr_control/rviz/cdpr_visualization.rviz
[8.551s] -- Installing: /home/esus_is_ord/cdpr_ros2_ws/install/cdpr_control/share/cdpr_control/worlds
[8.552s] -- Installing: /home/esus_is_ord/cdpr_ros2_ws/install/cdpr_control/share/cdpr_control/worlds/cdpr_8cables_valid.sdf
[8.552s] -- Installing: /home/esus_is_ord/cdpr_ros2_ws/install/cdpr_control/lib/cdpr_control/cdpr_visualizer.py
[8.553s] -- Installing: /home/esus_is_ord/cdpr_ros2_ws/install/cdpr_control/share/ament_index/resource_index/package_run_dependencies/cdpr_control
[8.553s] -- Installing: /home/esus_is_ord/cdpr_ros2_ws/install/cdpr_control/share/ament_index/resource_index/parent_prefix_path/cdpr_control
[8.554s] -- Installing: /home/esus_is_ord/cdpr_ros2_ws/install/cdpr_control/share/cdpr_control/environment/ament_prefix_path.sh
[8.554s] -- Installing: /home/esus_is_ord/cdpr_ros2_ws/install/cdpr_control/share/cdpr_control/environment/ament_prefix_path.dsv
[8.554s] -- Installing: /home/esus_is_ord/cdpr_ros2_ws/install/cdpr_control/share/cdpr_control/environment/path.sh
[8.554s] -- Installing: /home/esus_is_ord/cdpr_ros2_ws/install/cdpr_control/share/cdpr_control/environment/path.dsv
[8.554s] -- Installing: /home/esus_is_ord/cdpr_ros2_ws/install/cdpr_control/share/cdpr_control/local_setup.bash
[8.554s] -- Installing: /home/esus_is_ord/cdpr_ros2_ws/install/cdpr_control/share/cdpr_control/local_setup.sh
[8.555s] -- Installing: /home/esus_is_ord/cdpr_ros2_ws/install/cdpr_control/share/cdpr_control/local_setup.zsh
[8.555s] -- Installing: /home/esus_is_ord/cdpr_ros2_ws/install/cdpr_control/share/cdpr_control/local_setup.dsv
[8.555s] -- Up-to-date: /home/esus_is_ord/cdpr_ros2_ws/install/cdpr_control/share/cdpr_control/package.dsv
[8.555s] -- Installing: /home/esus_is_ord/cdpr_ros2_ws/install/cdpr_control/share/ament_index/resource_index/packages/cdpr_control
[8.556s] -- Installing: /home/esus_is_ord/cdpr_ros2_ws/install/cdpr_control/share/cdpr_control/cmake/cdpr_controlConfig.cmake
[8.556s] -- Installing: /home/esus_is_ord/cdpr_ros2_ws/install/cdpr_control/share/cdpr_control/cmake/cdpr_controlConfig-version.cmake
[8.556s] -- Installing: /home/esus_is_ord/cdpr_ros2_ws/install/cdpr_control/share/cdpr_control/package.xml
[8.558s] Invoked command in '/home/esus_is_ord/cdpr_ros2_ws/build/cdpr_control' returned '0': CMAKE_PREFIX_PATH=${CMAKE_PREFIX_PATH}:/opt/ros/jazzy /usr/bin/cmake --install /home/esus_is_ord/cdpr_ros2_ws/build/cdpr_control
