[0.015s] Invoking command in '/home/esus_is_ord/cdpr_ros2_ws/build/cdpr_gz_plugins': CMAKE_PREFIX_PATH=${CMAKE_PREFIX_PATH}:/opt/ros/jazzy /usr/bin/cmake /home/esus_is_ord/cdpr_ros2_ws/src/cdpr_gz_plugins -DCMAKE_INSTALL_PREFIX=/home/esus_is_ord/cdpr_ros2_ws/install/cdpr_gz_plugins
[0.093s] -- The C compiler identification is GNU 13.3.0
[0.243s] -- The CXX compiler identification is GNU 13.3.0
[0.359s] -- Detecting C compiler ABI info
[0.493s] -- Detecting C compiler ABI info - done
[0.501s] -- Check for working C compiler: /usr/bin/cc - skipped
[0.502s] -- Detecting C compile features
[0.503s] -- Detecting C compile features - done
[0.524s] -- Detecting CXX compiler ABI info
[0.646s] -- Detecting CXX compiler ABI info - done
[0.656s] -- Check for working CXX compiler: /usr/bin/c++ - skipped
[0.656s] -- Detecting CXX compile features
[0.656s] -- Detecting CXX compile features - done
[0.661s] -- Found ament_cmake: 2.5.4 (/opt/ros/jazzy/share/ament_cmake/cmake)
[0.805s] -- Found Python3: /usr/bin/python3 (found version "3.12.3") found components: Interpreter 
[0.916s] -- Looking for gz-sim8 -- found version 8.10.0
[0.927s] -- Searching for dependencies of gz-sim8
[0.928s] -- Looking for sdformat14 -- found version 14.8.0
[0.928s] -- Searching for dependencies of sdformat14
[0.934s] -- Checking for module 'tinyxml2'
[0.957s] --   Found tinyxml2, version 10.0.0
[0.994s] -- Looking for gz-math7 -- found version 7.5.2
[0.994s] -- Searching for dependencies of gz-math7
[0.997s] -- Looking for gz-utils2 -- found version 2.2.1
[0.997s] -- Searching for dependencies of gz-utils2
[0.999s] -- Looking for gz-utils2 -- found version 2.2.1
[0.999s] -- Searching for dependencies of gz-utils2
[0.999s] -- Searching for <gz-utils2> component [cli]
[1.001s] -- Looking for gz-utils2-cli -- found version 2.2.1
[1.001s] -- Searching for dependencies of gz-utils2-cli
[1.004s] -- Looking for gz-plugin2 -- found version 2.0.4
[1.004s] -- Searching for dependencies of gz-plugin2
[1.005s] -- Looking for gz-utils2 -- found version 2.2.1
[1.005s] -- Searching for <gz-plugin2> component [loader]
[1.006s] -- Looking for gz-plugin2-loader -- found version 2.0.4
[1.007s] -- Searching for dependencies of gz-plugin2-loader
[1.007s] -- Searching for <gz-plugin2> component [register]
[1.009s] -- Looking for gz-plugin2-register -- found version 2.0.4
[1.009s] -- Searching for dependencies of gz-plugin2-register
[1.011s] -- Looking for gz-transport13 -- found version 13.5.0
[1.011s] -- Searching for dependencies of gz-transport13
[1.624s] -- Found Protobuf: /usr/lib/x86_64-linux-gnu/libprotobuf.so (found version "3.21.12") 
[1.954s] -- Config-file not installed for ZeroMQ -- checking for pkg-config
[1.957s] -- Checking for module 'libzmq >= 4'
[1.969s] --   Found libzmq, version 4.3.5
[2.009s] -- Found ZeroMQ: TRUE (Required is at least version "4") 
[2.025s] -- Checking for module 'uuid'
[2.037s] --   Found uuid, version 2.39.3
[2.068s] -- Found UUID: TRUE  
[2.069s] -- Looking for gz-utils2 -- found version 2.2.1
[2.071s] -- Looking for gz-msgs10 -- found version 10.3.2
[2.071s] -- Searching for dependencies of gz-msgs10
[2.411s] -- Looking for gz-utils2 -- found version 2.2.1
[2.411s] -- Looking for gz-math7 -- found version 7.5.2
[2.418s] -- Searching for <gz-transport13> component [log]
[2.419s] -- Looking for gz-transport13-log -- found version 13.5.0
[2.419s] -- Searching for dependencies of gz-transport13-log
[2.420s] -- Searching for <gz-transport13> component [parameters]
[2.421s] -- Looking for gz-transport13-parameters -- found version 13.5.0
[2.421s] -- Searching for dependencies of gz-transport13-parameters
[2.422s] -- Looking for gz-msgs10 -- found version 10.3.2
[2.423s] -- Looking for gz-common5 -- found version 5.7.1
[2.424s] -- Searching for dependencies of gz-common5
[2.424s] -- Looking for gz-utils2 -- found version 2.2.1
[2.435s] -- Looking for dlfcn.h - found
[2.448s] -- Looking for libdl - found
[2.449s] -- Found DL: TRUE  
[2.455s] -- Searching for <gz-common5> component [av]
[2.457s] -- Looking for gz-common5-av -- found version 5.7.1
[2.457s] -- Searching for dependencies of gz-common5-av
[2.461s] -- Checking for module 'libswscale'
[2.473s] --   Found libswscale, version 7.5.100
[2.501s] -- Found SWSCALE: TRUE  
[2.506s] -- Checking for module 'libavdevice >= 56.4.100'
[2.521s] --   Found libavdevice, version 60.3.100
[2.562s] -- Found AVDEVICE: TRUE (Required is at least version "56.4.100") 
[2.566s] -- Checking for module 'libavformat'
[2.582s] --   Found libavformat, version 60.16.100
[2.619s] -- Found AVFORMAT: TRUE  
[2.623s] -- Checking for module 'libavcodec'
[2.638s] --   Found libavcodec, version 60.31.102
[2.672s] -- Found AVCODEC: TRUE  
[2.677s] -- Checking for module 'libavutil'
[2.693s] --   Found libavutil, version 58.29.100
[2.728s] -- Found AVUTIL: TRUE  
[2.729s] -- Searching for <gz-common5> component [events]
[2.730s] -- Looking for gz-common5-events -- found version 5.7.1
[2.730s] -- Searching for dependencies of gz-common5-events
[2.731s] -- Looking for gz-math7 -- found version 7.5.2
[2.731s] -- Searching for <gz-common5> component [graphics]
[2.733s] -- Looking for gz-common5-graphics -- found version 5.7.1
[2.733s] -- Searching for dependencies of gz-common5-graphics
[2.734s] -- Looking for gz-math7 -- found version 7.5.2
[2.738s] -- Found GzAssimp: TRUE (found version "5.3.0") 
[2.739s] -- Searching for <gz-common5> component [io]
[2.740s] -- Looking for gz-common5-io -- found version 5.7.1
[2.740s] -- Searching for dependencies of gz-common5-io
[2.741s] -- Searching for <gz-common5> component [profiler]
[2.742s] -- Looking for gz-common5-profiler -- found version 5.7.1
[2.742s] -- Searching for dependencies of gz-common5-profiler
[2.744s] -- Looking for gz-fuel_tools9 -- found version 9.1.1
[2.745s] -- Searching for dependencies of gz-fuel_tools9
[3.179s] -- Found CURL: /usr/lib/x86_64-linux-gnu/libcurl.so (found version "8.5.0")  
[3.189s] -- Checking for module 'jsoncpp'
[3.203s] --   Found jsoncpp, version 1.9.5
[3.239s] -- Found JSONCPP: TRUE  
[3.659s] -- Checking for module 'yaml-0.1'
[3.676s] --   Found yaml-0.1, version 0.2.5
[3.705s] -- Found YAML: TRUE  
[3.710s] -- Checking for module 'libzip'
[3.727s] --   Found libzip, version 1.7.3
[3.756s] -- Found ZIP: TRUE  
[3.757s] -- Looking for gz-utils2 -- found version 2.2.1
[3.757s] -- Looking for gz-common5 -- found version 5.7.1
[3.757s] -- Searching for dependencies of gz-common5
[3.757s] -- Looking for gz-utils2 -- found version 2.2.1
[3.758s] -- Looking for dlfcn.h - found
[3.758s] -- Looking for libdl - found
[3.764s] -- Searching for <gz-common5> component [testing]
[3.766s] -- Looking for gz-common5-testing -- found version 5.7.1
[3.766s] -- Searching for dependencies of gz-common5-testing
[3.767s] -- Looking for gz-math7 -- found version 7.5.2
[3.768s] -- Looking for gz-msgs10 -- found version 10.3.2
[3.770s] -- Looking for gz-gui8 -- found version 8.4.0
[3.770s] -- Searching for dependencies of gz-gui8
[4.118s] -- Looking for gz-utils2 -- found version 2.2.1
[4.118s] -- Looking for gz-math7 -- found version 7.5.2
[4.119s] -- Looking for gz-common5 -- found version 5.7.1
[4.119s] -- Looking for gz-plugin2 -- found version 2.0.4
[4.119s] -- Looking for gz-transport13 -- found version 13.5.0
[4.121s] -- Looking for gz-rendering8 -- found version 8.2.2
[4.121s] -- Searching for dependencies of gz-rendering8
[4.122s] -- Looking for gz-math7 -- found version 7.5.2
[4.122s] -- Searching for dependencies of gz-math7
[4.122s] -- Looking for gz-utils2 -- found version 2.2.1
[4.122s] -- Searching for <gz-math7> component [eigen3]
[4.124s] -- Looking for gz-math7-eigen3 -- found version 7.5.2
[4.124s] -- Searching for dependencies of gz-math7-eigen3
[4.131s] -- Looking for gz-common5 -- found version 5.7.1
[4.131s] -- Searching for dependencies of gz-common5
[4.132s] -- Looking for gz-utils2 -- found version 2.2.1
[4.132s] -- Looking for dlfcn.h - found
[4.132s] -- Looking for libdl - found
[4.138s] -- Searching for <gz-common5> component [graphics]
[4.138s] -- Searching for <gz-common5> component [events]
[4.139s] -- Searching for <gz-common5> component [geospatial]
[4.140s] -- Looking for gz-common5-geospatial -- found version 5.7.1
[4.140s] -- Searching for dependencies of gz-common5-geospatial
[4.140s] -- Looking for gz-math7 -- found version 7.5.2
[4.141s] -- Looking for gz-common5 -- found version 5.7.1
[4.142s] -- Looking for gz-plugin2 -- found version 2.0.4
[4.142s] -- Searching for dependencies of gz-plugin2
[4.142s] -- Looking for gz-utils2 -- found version 2.2.1
[4.142s] -- Searching for <gz-plugin2> component [all]
[4.143s] -- Looking for all libraries of gz-plugin2 -- found version 2.0.4
[4.144s] -- Looking for gz-plugin2 -- found version 2.0.4
[4.145s] -- Looking for gz-utils2 -- found version 2.2.1
[4.324s] -- Found OpenGL: /usr/lib/x86_64-linux-gnu/libOpenGL.so  found components: OpenGL 
[4.325s] -- Looking for gz-msgs10 -- found version 10.3.2
[4.372s] -- Looking for gz-physics7 -- found version 7.6.0
[4.372s] -- Searching for dependencies of gz-physics7
[4.373s] -- Looking for gz-common5 -- found version 5.7.1
[4.373s] -- Looking for gz-math7 -- found version 7.5.2
[4.373s] -- Looking for gz-plugin2 -- found version 2.0.4
[4.374s] -- Looking for gz-utils2 -- found version 2.2.1
[4.375s] -- Searching for <gz-physics7> component [heightmap]
[4.376s] -- Looking for gz-physics7-heightmap -- found version 7.6.0
[4.377s] -- Searching for dependencies of gz-physics7-heightmap
[4.377s] -- Looking for gz-common5 -- found version 5.7.1
[4.378s] -- Searching for <gz-physics7> component [mesh]
[4.381s] -- Looking for gz-physics7-mesh -- found version 7.6.0
[4.381s] -- Searching for dependencies of gz-physics7-mesh
[4.381s] -- Looking for gz-common5 -- found version 5.7.1
[4.382s] -- Searching for <gz-physics7> component [sdf]
[4.383s] -- Looking for gz-physics7-sdf -- found version 7.6.0
[4.383s] -- Searching for dependencies of gz-physics7-sdf
[4.383s] -- Looking for sdformat14 -- found version 14.8.0
[4.385s] -- Looking for gz-sensors8 -- found version 8.2.2
[4.385s] -- Searching for dependencies of gz-sensors8
[4.718s] -- Looking for gz-math7 -- found version 7.5.2
[4.718s] -- Looking for gz-common5 -- found version 5.7.1
[4.718s] -- Looking for gz-transport13 -- found version 13.5.0
[4.719s] -- Looking for gz-rendering8 -- found version 8.2.2
[4.719s] -- Looking for gz-msgs10 -- found version 10.3.2
[4.719s] -- Looking for sdformat14 -- found version 14.8.0
[4.720s] -- Searching for <gz-sensors8> component [air_pressure]
[4.721s] -- Looking for gz-sensors8-air_pressure -- found version 8.2.2
[4.721s] -- Searching for dependencies of gz-sensors8-air_pressure
[4.722s] -- Searching for <gz-sensors8> component [air_speed]
[4.723s] -- Looking for gz-sensors8-air_speed -- found version 8.2.2
[4.723s] -- Searching for dependencies of gz-sensors8-air_speed
[4.723s] -- Searching for <gz-sensors8> component [altimeter]
[4.724s] -- Looking for gz-sensors8-altimeter -- found version 8.2.2
[4.724s] -- Searching for dependencies of gz-sensors8-altimeter
[4.725s] -- Searching for <gz-sensors8> component [imu]
[4.726s] -- Looking for gz-sensors8-imu -- found version 8.2.2
[4.726s] -- Searching for dependencies of gz-sensors8-imu
[4.726s] -- Searching for <gz-sensors8> component [force_torque]
[4.727s] -- Looking for gz-sensors8-force_torque -- found version 8.2.2
[4.727s] -- Searching for dependencies of gz-sensors8-force_torque
[4.728s] -- Searching for <gz-sensors8> component [logical_camera]
[4.729s] -- Looking for gz-sensors8-logical_camera -- found version 8.2.2
[4.729s] -- Searching for dependencies of gz-sensors8-logical_camera
[4.730s] -- Searching for <gz-sensors8> component [magnetometer]
[4.730s] -- Looking for gz-sensors8-magnetometer -- found version 8.2.2
[4.731s] -- Searching for dependencies of gz-sensors8-magnetometer
[4.731s] -- Searching for <gz-sensors8> component [navsat]
[4.732s] -- Looking for gz-sensors8-navsat -- found version 8.2.2
[4.732s] -- Searching for dependencies of gz-sensors8-navsat
[4.733s] -- Searching for <gz-sensors8> component [dvl]
[4.734s] -- Looking for gz-sensors8-dvl -- found version 8.2.2
[4.734s] -- Searching for dependencies of gz-sensors8-dvl
[4.734s] -- Looking for gz-sensors8 -- found version 8.2.2
[4.734s] -- Searching for dependencies of gz-sensors8
[5.074s] -- Looking for gz-math7 -- found version 7.5.2
[5.074s] -- Looking for gz-common5 -- found version 5.7.1
[5.075s] -- Looking for gz-transport13 -- found version 13.5.0
[5.075s] -- Looking for gz-rendering8 -- found version 8.2.2
[5.075s] -- Looking for gz-msgs10 -- found version 10.3.2
[5.076s] -- Looking for sdformat14 -- found version 14.8.0
[5.076s] -- Searching for <gz-sensors8> component [rendering]
[5.077s] -- Looking for gz-sensors8-rendering -- found version 8.2.2
[5.077s] -- Searching for dependencies of gz-sensors8-rendering
[5.079s] -- Searching for <gz-sensors8> component [rendering]
[5.079s] -- Searching for <gz-sensors8> component [lidar]
[5.080s] -- Looking for gz-sensors8-lidar -- found version 8.2.2
[5.080s] -- Searching for dependencies of gz-sensors8-lidar
[5.080s] -- Looking for gz-sensors8 -- found version 8.2.2
[5.081s] -- Searching for <gz-sensors8> component [gpu_lidar]
[5.083s] -- Looking for gz-sensors8-gpu_lidar -- found version 8.2.2
[5.083s] -- Searching for dependencies of gz-sensors8-gpu_lidar
[5.083s] -- Looking for gz-sensors8 -- found version 8.2.2
[5.084s] -- Searching for <gz-sensors8> component [camera]
[5.085s] -- Looking for gz-sensors8-camera -- found version 8.2.2
[5.085s] -- Searching for dependencies of gz-sensors8-camera
[5.085s] -- Looking for gz-sensors8 -- found version 8.2.2
[5.086s] -- Searching for <gz-sensors8> component [boundingbox_camera]
[5.087s] -- Looking for gz-sensors8-boundingbox_camera -- found version 8.2.2
[5.087s] -- Searching for dependencies of gz-sensors8-boundingbox_camera
[5.087s] -- Searching for <gz-sensors8> component [segmentation_camera]
[5.088s] -- Looking for gz-sensors8-segmentation_camera -- found version 8.2.2
[5.088s] -- Searching for dependencies of gz-sensors8-segmentation_camera
[5.089s] -- Searching for <gz-sensors8> component [depth_camera]
[5.090s] -- Looking for gz-sensors8-depth_camera -- found version 8.2.2
[5.090s] -- Searching for dependencies of gz-sensors8-depth_camera
[5.090s] -- Looking for gz-sensors8 -- found version 8.2.2
[5.091s] -- Searching for <gz-sensors8> component [rgbd_camera]
[5.093s] -- Looking for gz-sensors8-rgbd_camera -- found version 8.2.2
[5.093s] -- Searching for dependencies of gz-sensors8-rgbd_camera
[5.093s] -- Looking for gz-sensors8 -- found version 8.2.2
[5.094s] -- Searching for <gz-sensors8> component [thermal_camera]
[5.095s] -- Looking for gz-sensors8-thermal_camera -- found version 8.2.2
[5.095s] -- Searching for dependencies of gz-sensors8-thermal_camera
[5.096s] -- Looking for gz-sensors8 -- found version 8.2.2
[5.096s] -- Searching for <gz-sensors8> component [wide_angle_camera]
[5.097s] -- Looking for gz-sensors8-wide_angle_camera -- found version 8.2.2
[5.098s] -- Searching for dependencies of gz-sensors8-wide_angle_camera
[5.099s] -- Looking for gz-rendering8 -- found version 8.2.2
[5.099s] -- Looking for gz-math7 -- found version 7.5.2
[5.099s] -- Looking for gz-utils2 -- found version 2.2.1
[5.531s] -- Configuring done (5.5s)
[5.565s] -- Generating done (0.0s)
[5.569s] -- Build files have been written to: /home/esus_is_ord/cdpr_ros2_ws/build/cdpr_gz_plugins
[5.579s] Invoked command in '/home/esus_is_ord/cdpr_ros2_ws/build/cdpr_gz_plugins' returned '0': CMAKE_PREFIX_PATH=${CMAKE_PREFIX_PATH}:/opt/ros/jazzy /usr/bin/cmake /home/esus_is_ord/cdpr_ros2_ws/src/cdpr_gz_plugins -DCMAKE_INSTALL_PREFIX=/home/esus_is_ord/cdpr_ros2_ws/install/cdpr_gz_plugins
[5.581s] Invoking command in '/home/esus_is_ord/cdpr_ros2_ws/build/cdpr_gz_plugins': CMAKE_PREFIX_PATH=${CMAKE_PREFIX_PATH}:/opt/ros/jazzy /usr/bin/cmake --build /home/esus_is_ord/cdpr_ros2_ws/build/cdpr_gz_plugins -- -j12 -l12
[5.634s] [ 50%] [32mBuilding CXX object CMakeFiles/cdpr_cable_plugin.dir/src/cdpr_cable_plugin.cpp.o[0m
[7.914s] [100%] [32m[1mLinking CXX shared library libcdpr_cable_plugin.so[0m
[8.097s] [100%] Built target cdpr_cable_plugin
[8.107s] Invoked command in '/home/esus_is_ord/cdpr_ros2_ws/build/cdpr_gz_plugins' returned '0': CMAKE_PREFIX_PATH=${CMAKE_PREFIX_PATH}:/opt/ros/jazzy /usr/bin/cmake --build /home/esus_is_ord/cdpr_ros2_ws/build/cdpr_gz_plugins -- -j12 -l12
[8.109s] Invoking command in '/home/esus_is_ord/cdpr_ros2_ws/build/cdpr_gz_plugins': CMAKE_PREFIX_PATH=${CMAKE_PREFIX_PATH}:/opt/ros/jazzy /usr/bin/cmake --install /home/esus_is_ord/cdpr_ros2_ws/build/cdpr_gz_plugins
[8.117s] -- Install configuration: ""
[8.117s] -- Installing: /home/esus_is_ord/cdpr_ros2_ws/install/cdpr_gz_plugins/lib/libcdpr_cable_plugin.so
[8.118s] -- Set non-toolchain portion of runtime path of "/home/esus_is_ord/cdpr_ros2_ws/install/cdpr_gz_plugins/lib/libcdpr_cable_plugin.so" to ""
[8.119s] -- Installing: /home/esus_is_ord/cdpr_ros2_ws/install/cdpr_gz_plugins/share/ament_index/resource_index/package_run_dependencies/cdpr_gz_plugins
[8.119s] -- Installing: /home/esus_is_ord/cdpr_ros2_ws/install/cdpr_gz_plugins/share/ament_index/resource_index/parent_prefix_path/cdpr_gz_plugins
[8.119s] -- Installing: /home/esus_is_ord/cdpr_ros2_ws/install/cdpr_gz_plugins/share/cdpr_gz_plugins/environment/ament_prefix_path.sh
[8.120s] -- Installing: /home/esus_is_ord/cdpr_ros2_ws/install/cdpr_gz_plugins/share/cdpr_gz_plugins/environment/ament_prefix_path.dsv
[8.120s] -- Installing: /home/esus_is_ord/cdpr_ros2_ws/install/cdpr_gz_plugins/share/cdpr_gz_plugins/environment/path.sh
[8.120s] -- Installing: /home/esus_is_ord/cdpr_ros2_ws/install/cdpr_gz_plugins/share/cdpr_gz_plugins/environment/path.dsv
[8.121s] -- Installing: /home/esus_is_ord/cdpr_ros2_ws/install/cdpr_gz_plugins/share/cdpr_gz_plugins/local_setup.bash
[8.121s] -- Installing: /home/esus_is_ord/cdpr_ros2_ws/install/cdpr_gz_plugins/share/cdpr_gz_plugins/local_setup.sh
[8.121s] -- Installing: /home/esus_is_ord/cdpr_ros2_ws/install/cdpr_gz_plugins/share/cdpr_gz_plugins/local_setup.zsh
[8.122s] -- Installing: /home/esus_is_ord/cdpr_ros2_ws/install/cdpr_gz_plugins/share/cdpr_gz_plugins/local_setup.dsv
[8.122s] -- Installing: /home/esus_is_ord/cdpr_ros2_ws/install/cdpr_gz_plugins/share/cdpr_gz_plugins/package.dsv
[8.122s] -- Installing: /home/esus_is_ord/cdpr_ros2_ws/install/cdpr_gz_plugins/share/ament_index/resource_index/packages/cdpr_gz_plugins
[8.122s] -- Installing: /home/esus_is_ord/cdpr_ros2_ws/install/cdpr_gz_plugins/share/cdpr_gz_plugins/cmake/cdpr_gz_pluginsConfig.cmake
[8.122s] -- Installing: /home/esus_is_ord/cdpr_ros2_ws/install/cdpr_gz_plugins/share/cdpr_gz_plugins/cmake/cdpr_gz_pluginsConfig-version.cmake
[8.122s] -- Installing: /home/esus_is_ord/cdpr_ros2_ws/install/cdpr_gz_plugins/share/cdpr_gz_plugins/package.xml
[8.124s] Invoked command in '/home/esus_is_ord/cdpr_ros2_ws/build/cdpr_gz_plugins' returned '0': CMAKE_PREFIX_PATH=${CMAKE_PREFIX_PATH}:/opt/ros/jazzy /usr/bin/cmake --install /home/esus_is_ord/cdpr_ros2_ws/build/cdpr_gz_plugins
