[100%] Built target cdpr_controller
-- Install configuration: ""
-- Up-to-date: /home/esus_is_ord/cdpr_ros2_ws/install/cdpr_control/lib/cdpr_control/cdpr_controller
-- Up-to-date: /home/esus_is_ord/cdpr_ros2_ws/install/cdpr_control/share/cdpr_control/launch
-- Up-to-date: /home/esus_is_ord/cdpr_ros2_ws/install/cdpr_control/share/cdpr_control/launch/cdpr_simulation.launch.py
-- Up-to-date: /home/esus_is_ord/cdpr_ros2_ws/install/cdpr_control/share/cdpr_control/rviz
-- Installing: /home/esus_is_ord/cdpr_ros2_ws/install/cdpr_control/share/cdpr_control/rviz/cdpr_visualization.rviz
-- Up-to-date: /home/esus_is_ord/cdpr_ros2_ws/install/cdpr_control/share/cdpr_control/worlds
-- Up-to-date: /home/esus_is_ord/cdpr_ros2_ws/install/cdpr_control/share/cdpr_control/worlds/cdpr_8cables_valid.sdf
-- Up-to-date: /home/esus_is_ord/cdpr_ros2_ws/install/cdpr_control/lib/cdpr_control/cdpr_visualizer.py
-- Up-to-date: /home/esus_is_ord/cdpr_ros2_ws/install/cdpr_control/share/ament_index/resource_index/package_run_dependencies/cdpr_control
-- Up-to-date: /home/esus_is_ord/cdpr_ros2_ws/install/cdpr_control/share/ament_index/resource_index/parent_prefix_path/cdpr_control
-- Up-to-date: /home/esus_is_ord/cdpr_ros2_ws/install/cdpr_control/share/cdpr_control/environment/ament_prefix_path.sh
-- Up-to-date: /home/esus_is_ord/cdpr_ros2_ws/install/cdpr_control/share/cdpr_control/environment/ament_prefix_path.dsv
-- Up-to-date: /home/esus_is_ord/cdpr_ros2_ws/install/cdpr_control/share/cdpr_control/environment/path.sh
-- Up-to-date: /home/esus_is_ord/cdpr_ros2_ws/install/cdpr_control/share/cdpr_control/environment/path.dsv
-- Up-to-date: /home/esus_is_ord/cdpr_ros2_ws/install/cdpr_control/share/cdpr_control/local_setup.bash
-- Up-to-date: /home/esus_is_ord/cdpr_ros2_ws/install/cdpr_control/share/cdpr_control/local_setup.sh
-- Up-to-date: /home/esus_is_ord/cdpr_ros2_ws/install/cdpr_control/share/cdpr_control/local_setup.zsh
-- Up-to-date: /home/esus_is_ord/cdpr_ros2_ws/install/cdpr_control/share/cdpr_control/local_setup.dsv
-- Installing: /home/esus_is_ord/cdpr_ros2_ws/install/cdpr_control/share/cdpr_control/package.dsv
-- Up-to-date: /home/esus_is_ord/cdpr_ros2_ws/install/cdpr_control/share/ament_index/resource_index/packages/cdpr_control
-- Up-to-date: /home/esus_is_ord/cdpr_ros2_ws/install/cdpr_control/share/cdpr_control/cmake/cdpr_controlConfig.cmake
-- Up-to-date: /home/esus_is_ord/cdpr_ros2_ws/install/cdpr_control/share/cdpr_control/cmake/cdpr_controlConfig-version.cmake
-- Up-to-date: /home/esus_is_ord/cdpr_ros2_ws/install/cdpr_control/share/cdpr_control/package.xml
