[0.015s] Invoking command in '/home/esus_is_ord/cdpr_ros2_ws/build/cdpr_description': CMAKE_PREFIX_PATH=${CMAKE_PREFIX_PATH}:/opt/ros/jazzy /usr/bin/cmake /home/esus_is_ord/cdpr_ros2_ws/src/cdpr_description -DCMAKE_INSTALL_PREFIX=/home/esus_is_ord/cdpr_ros2_ws/install/cdpr_description
[0.100s] -- The C compiler identification is GNU 13.3.0
[0.249s] -- The CXX compiler identification is GNU 13.3.0
[0.370s] -- Detecting C compiler ABI info
[0.501s] -- Detecting C compiler ABI info - done
[0.509s] -- Check for working C compiler: /usr/bin/cc - skipped
[0.509s] -- Detecting C compile features
[0.510s] -- Detecting C compile features - done
[0.531s] -- Detecting CXX compiler ABI info
[0.653s] -- Detecting CXX compiler ABI info - done
[0.662s] -- Check for working CXX compiler: /usr/bin/c++ - skipped
[0.663s] -- Detecting CXX compile features
[0.663s] -- Detecting CXX compile features - done
[0.668s] -- Found ament_cmake: 2.5.4 (/opt/ros/jazzy/share/ament_cmake/cmake)
[0.813s] -- Found Python3: /usr/bin/python3 (found version "3.12.3") found components: Interpreter 
[0.925s] -- Found ament_lint_auto: 0.17.3 (/opt/ros/jazzy/share/ament_lint_auto/cmake)
[1.034s] -- Added test 'lint_cmake' to check CMake code style
[1.036s] -- Added test 'xmllint' to check XML markup files
[1.038s] -- Configuring done (1.0s)
[1.042s] -- Generating done (0.0s)
[1.044s] -- Build files have been written to: /home/esus_is_ord/cdpr_ros2_ws/build/cdpr_description
[1.049s] Invoked command in '/home/esus_is_ord/cdpr_ros2_ws/build/cdpr_description' returned '0': CMAKE_PREFIX_PATH=${CMAKE_PREFIX_PATH}:/opt/ros/jazzy /usr/bin/cmake /home/esus_is_ord/cdpr_ros2_ws/src/cdpr_description -DCMAKE_INSTALL_PREFIX=/home/esus_is_ord/cdpr_ros2_ws/install/cdpr_description
[1.050s] Invoking command in '/home/esus_is_ord/cdpr_ros2_ws/build/cdpr_description': CMAKE_PREFIX_PATH=${CMAKE_PREFIX_PATH}:/opt/ros/jazzy /usr/bin/cmake --build /home/esus_is_ord/cdpr_ros2_ws/build/cdpr_description -- -j12 -l12
[1.091s] Invoked command in '/home/esus_is_ord/cdpr_ros2_ws/build/cdpr_description' returned '0': CMAKE_PREFIX_PATH=${CMAKE_PREFIX_PATH}:/opt/ros/jazzy /usr/bin/cmake --build /home/esus_is_ord/cdpr_ros2_ws/build/cdpr_description -- -j12 -l12
[1.101s] Invoking command in '/home/esus_is_ord/cdpr_ros2_ws/build/cdpr_description': CMAKE_PREFIX_PATH=${CMAKE_PREFIX_PATH}:/opt/ros/jazzy /usr/bin/cmake --install /home/esus_is_ord/cdpr_ros2_ws/build/cdpr_description
[1.110s] -- Install configuration: ""
[1.111s] -- Installing: /home/esus_is_ord/cdpr_ros2_ws/install/cdpr_description/share/ament_index/resource_index/package_run_dependencies/cdpr_description
[1.111s] -- Installing: /home/esus_is_ord/cdpr_ros2_ws/install/cdpr_description/share/ament_index/resource_index/parent_prefix_path/cdpr_description
[1.112s] -- Installing: /home/esus_is_ord/cdpr_ros2_ws/install/cdpr_description/share/cdpr_description/environment/ament_prefix_path.sh
[1.112s] -- Installing: /home/esus_is_ord/cdpr_ros2_ws/install/cdpr_description/share/cdpr_description/environment/ament_prefix_path.dsv
[1.112s] -- Installing: /home/esus_is_ord/cdpr_ros2_ws/install/cdpr_description/share/cdpr_description/environment/path.sh
[1.112s] -- Installing: /home/esus_is_ord/cdpr_ros2_ws/install/cdpr_description/share/cdpr_description/environment/path.dsv
[1.113s] -- Installing: /home/esus_is_ord/cdpr_ros2_ws/install/cdpr_description/share/cdpr_description/local_setup.bash
[1.113s] -- Installing: /home/esus_is_ord/cdpr_ros2_ws/install/cdpr_description/share/cdpr_description/local_setup.sh
[1.113s] -- Installing: /home/esus_is_ord/cdpr_ros2_ws/install/cdpr_description/share/cdpr_description/local_setup.zsh
[1.113s] -- Installing: /home/esus_is_ord/cdpr_ros2_ws/install/cdpr_description/share/cdpr_description/local_setup.dsv
[1.113s] -- Installing: /home/esus_is_ord/cdpr_ros2_ws/install/cdpr_description/share/cdpr_description/package.dsv
[1.114s] -- Installing: /home/esus_is_ord/cdpr_ros2_ws/install/cdpr_description/share/ament_index/resource_index/packages/cdpr_description
[1.114s] -- Installing: /home/esus_is_ord/cdpr_ros2_ws/install/cdpr_description/share/cdpr_description/cmake/cdpr_descriptionConfig.cmake
[1.114s] -- Installing: /home/esus_is_ord/cdpr_ros2_ws/install/cdpr_description/share/cdpr_description/cmake/cdpr_descriptionConfig-version.cmake
[1.114s] -- Installing: /home/esus_is_ord/cdpr_ros2_ws/install/cdpr_description/share/cdpr_description/package.xml
[1.115s] Invoked command in '/home/esus_is_ord/cdpr_ros2_ws/build/cdpr_description' returned '0': CMAKE_PREFIX_PATH=${CMAKE_PREFIX_PATH}:/opt/ros/jazzy /usr/bin/cmake --install /home/esus_is_ord/cdpr_ros2_ws/build/cdpr_description
