[0.038s] Invoking command in '/home/esus_is_ord/cdpr_ros2_ws/build/cdpr_control': CMAKE_PREFIX_PATH=${CMAKE_PREFIX_PATH}:/opt/ros/jazzy VIRTUAL_ENV_PROMPT=(cdpr_venv) /usr/bin/cmake --build /home/esus_is_ord/cdpr_ros2_ws/build/cdpr_control -- -j12 -l12
[0.311s] [100%] Built target cdpr_controller
[0.333s] Invoked command in '/home/esus_is_ord/cdpr_ros2_ws/build/cdpr_control' returned '0': CMAKE_PREFIX_PATH=${CMAKE_PREFIX_PATH}:/opt/ros/jazzy VIRTUAL_ENV_PROMPT=(cdpr_venv) /usr/bin/cmake --build /home/esus_is_ord/cdpr_ros2_ws/build/cdpr_control -- -j12 -l12
[0.358s] Invoking command in '/home/esus_is_ord/cdpr_ros2_ws/build/cdpr_control': CMAKE_PREFIX_PATH=${CMAKE_PREFIX_PATH}:/opt/ros/jazzy VIRTUAL_ENV_PROMPT=(cdpr_venv) /usr/bin/cmake --install /home/esus_is_ord/cdpr_ros2_ws/build/cdpr_control
[0.373s] -- Install configuration: ""
[0.377s] -- Up-to-date: /home/esus_is_ord/cdpr_ros2_ws/install/cdpr_control/lib/cdpr_control/cdpr_controller
[0.379s] -- Up-to-date: /home/esus_is_ord/cdpr_ros2_ws/install/cdpr_control/share/cdpr_control/launch
[0.380s] -- Up-to-date: /home/esus_is_ord/cdpr_ros2_ws/install/cdpr_control/share/cdpr_control/launch/cdpr_simulation.launch.py
[0.380s] -- Up-to-date: /home/esus_is_ord/cdpr_ros2_ws/install/cdpr_control/share/cdpr_control/rviz
[0.380s] -- Up-to-date: /home/esus_is_ord/cdpr_ros2_ws/install/cdpr_control/share/cdpr_control/rviz/cdpr_visualization.rviz
[0.380s] -- Up-to-date: /home/esus_is_ord/cdpr_ros2_ws/install/cdpr_control/share/cdpr_control/worlds
[0.381s] -- Up-to-date: /home/esus_is_ord/cdpr_ros2_ws/install/cdpr_control/share/cdpr_control/worlds/cdpr_8cables_valid.sdf
[0.381s] -- Up-to-date: /home/esus_is_ord/cdpr_ros2_ws/install/cdpr_control/lib/cdpr_control/cdpr_visualizer.py
[0.381s] -- Up-to-date: /home/esus_is_ord/cdpr_ros2_ws/install/cdpr_control/share/ament_index/resource_index/package_run_dependencies/cdpr_control
[0.381s] -- Up-to-date: /home/esus_is_ord/cdpr_ros2_ws/install/cdpr_control/share/ament_index/resource_index/parent_prefix_path/cdpr_control
[0.382s] -- Up-to-date: /home/esus_is_ord/cdpr_ros2_ws/install/cdpr_control/share/cdpr_control/environment/ament_prefix_path.sh
[0.382s] -- Up-to-date: /home/esus_is_ord/cdpr_ros2_ws/install/cdpr_control/share/cdpr_control/environment/ament_prefix_path.dsv
[0.382s] -- Up-to-date: /home/esus_is_ord/cdpr_ros2_ws/install/cdpr_control/share/cdpr_control/environment/path.sh
[0.382s] -- Up-to-date: /home/esus_is_ord/cdpr_ros2_ws/install/cdpr_control/share/cdpr_control/environment/path.dsv
[0.382s] -- Up-to-date: /home/esus_is_ord/cdpr_ros2_ws/install/cdpr_control/share/cdpr_control/local_setup.bash
[0.383s] -- Up-to-date: /home/esus_is_ord/cdpr_ros2_ws/install/cdpr_control/share/cdpr_control/local_setup.sh
[0.383s] -- Up-to-date: /home/esus_is_ord/cdpr_ros2_ws/install/cdpr_control/share/cdpr_control/local_setup.zsh
[0.383s] -- Up-to-date: /home/esus_is_ord/cdpr_ros2_ws/install/cdpr_control/share/cdpr_control/local_setup.dsv
[0.383s] -- Installing: /home/esus_is_ord/cdpr_ros2_ws/install/cdpr_control/share/cdpr_control/package.dsv
[0.385s] -- Up-to-date: /home/esus_is_ord/cdpr_ros2_ws/install/cdpr_control/share/ament_index/resource_index/packages/cdpr_control
[0.387s] -- Up-to-date: /home/esus_is_ord/cdpr_ros2_ws/install/cdpr_control/share/cdpr_control/cmake/cdpr_controlConfig.cmake
[0.387s] -- Up-to-date: /home/esus_is_ord/cdpr_ros2_ws/install/cdpr_control/share/cdpr_control/cmake/cdpr_controlConfig-version.cmake
[0.387s] -- Up-to-date: /home/esus_is_ord/cdpr_ros2_ws/install/cdpr_control/share/cdpr_control/package.xml
[0.390s] Invoked command in '/home/esus_is_ord/cdpr_ros2_ws/build/cdpr_control' returned '0': CMAKE_PREFIX_PATH=${CMAKE_PREFIX_PATH}:/opt/ros/jazzy VIRTUAL_ENV_PROMPT=(cdpr_venv) /usr/bin/cmake --install /home/esus_is_ord/cdpr_ros2_ws/build/cdpr_control
