[0.129s] DEBUG:colcon:Command line arguments: ['/usr/bin/colcon', 'build']
[0.129s] DEBUG:colcon:Parsed command line arguments: Namespace(log_base=None, log_level=None, verb_name='build', build_base='build', install_base='install', merge_install=False, symlink_install=False, test_result_base=None, continue_on_error=False, executor='parallel', parallel_workers=12, event_handlers=None, ignore_user_meta=False, metas=['./colcon.meta'], base_paths=['.'], packages_ignore=None, packages_ignore_regex=None, paths=None, packages_up_to=None, packages_up_to_regex=None, packages_above=None, packages_above_and_dependencies=None, packages_above_depth=None, packages_select_by_dep=None, packages_skip_by_dep=None, packages_skip_up_to=None, packages_select_build_failed=False, packages_skip_build_finished=False, packages_select_test_failures=False, packages_skip_test_passed=False, packages_select=None, packages_skip=None, packages_select_regex=None, packages_skip_regex=None, packages_start=None, packages_end=None, allow_overriding=[], cmake_args=None, cmake_target=None, cmake_target_skip_unavailable=False, cmake_clean_cache=False, cmake_clean_first=False, cmake_force_configure=False, ament_cmake_args=None, catkin_cmake_args=None, catkin_skip_building_tests=False, mixin_files=None, mixin=None, verb_parser=<colcon_mixin.mixin.mixin_argument.MixinArgumentDecorator object at 0x74fbca472030>, verb_extension=<colcon_core.verb.build.BuildVerb object at 0x74fbcb0ff650>, main=<bound method BuildVerb.main of <colcon_core.verb.build.BuildVerb object at 0x74fbcb0ff650>>, mixin_verb=('build',))
[0.171s] Level 1:colcon.colcon_core.package_discovery:discover_packages(colcon_meta) check parameters
[0.171s] Level 1:colcon.colcon_core.package_discovery:discover_packages(recursive) check parameters
[0.171s] Level 1:colcon.colcon_core.package_discovery:discover_packages(ignore) check parameters
[0.171s] Level 1:colcon.colcon_core.package_discovery:discover_packages(path) check parameters
[0.171s] Level 1:colcon.colcon_core.package_discovery:discover_packages(colcon_meta) discover
[0.171s] Level 1:colcon.colcon_core.package_discovery:discover_packages(recursive) discover
[0.171s] INFO:colcon.colcon_core.package_discovery:Crawling recursively for packages in '/home/esus_is_ord/cdpr_ros2_ws'
[0.171s] Level 1:colcon.colcon_core.package_identification:_identify(.) by extensions ['ignore', 'ignore_ament_install']
[0.171s] Level 1:colcon.colcon_core.package_identification:_identify(.) by extension 'ignore'
[0.171s] Level 1:colcon.colcon_core.package_identification:_identify(.) by extension 'ignore_ament_install'
[0.171s] Level 1:colcon.colcon_core.package_identification:_identify(.) by extensions ['colcon_pkg']
[0.171s] Level 1:colcon.colcon_core.package_identification:_identify(.) by extension 'colcon_pkg'
[0.171s] Level 1:colcon.colcon_core.package_identification:_identify(.) by extensions ['colcon_meta']
[0.171s] Level 1:colcon.colcon_core.package_identification:_identify(.) by extension 'colcon_meta'
[0.172s] Level 1:colcon.colcon_core.package_identification:_identify(.) by extensions ['ros']
[0.172s] Level 1:colcon.colcon_core.package_identification:_identify(.) by extension 'ros'
[0.195s] Level 1:colcon.colcon_core.package_identification:_identify(.) by extensions ['cmake', 'python']
[0.195s] Level 1:colcon.colcon_core.package_identification:_identify(.) by extension 'cmake'
[0.196s] Level 1:colcon.colcon_core.package_identification:_identify(.) by extension 'python'
[0.196s] Level 1:colcon.colcon_core.package_identification:_identify(.) by extensions ['python_setup_py']
[0.196s] Level 1:colcon.colcon_core.package_identification:_identify(.) by extension 'python_setup_py'
[0.196s] Level 1:colcon.colcon_core.package_identification:_identify(build) by extensions ['ignore', 'ignore_ament_install']
[0.196s] Level 1:colcon.colcon_core.package_identification:_identify(build) by extension 'ignore'
[0.196s] Level 1:colcon.colcon_core.package_identification:_identify(build) ignored
[0.196s] Level 1:colcon.colcon_core.package_identification:_identify(install) by extensions ['ignore', 'ignore_ament_install']
[0.196s] Level 1:colcon.colcon_core.package_identification:_identify(install) by extension 'ignore'
[0.196s] Level 1:colcon.colcon_core.package_identification:_identify(install) ignored
[0.196s] Level 1:colcon.colcon_core.package_identification:_identify(log) by extensions ['ignore', 'ignore_ament_install']
[0.196s] Level 1:colcon.colcon_core.package_identification:_identify(log) by extension 'ignore'
[0.196s] Level 1:colcon.colcon_core.package_identification:_identify(log) ignored
[0.197s] Level 1:colcon.colcon_core.package_identification:_identify(src) by extensions ['ignore', 'ignore_ament_install']
[0.197s] Level 1:colcon.colcon_core.package_identification:_identify(src) by extension 'ignore'
[0.197s] Level 1:colcon.colcon_core.package_identification:_identify(src) by extension 'ignore_ament_install'
[0.197s] Level 1:colcon.colcon_core.package_identification:_identify(src) by extensions ['colcon_pkg']
[0.197s] Level 1:colcon.colcon_core.package_identification:_identify(src) by extension 'colcon_pkg'
[0.197s] Level 1:colcon.colcon_core.package_identification:_identify(src) by extensions ['colcon_meta']
[0.197s] Level 1:colcon.colcon_core.package_identification:_identify(src) by extension 'colcon_meta'
[0.197s] Level 1:colcon.colcon_core.package_identification:_identify(src) by extensions ['ros']
[0.197s] Level 1:colcon.colcon_core.package_identification:_identify(src) by extension 'ros'
[0.197s] Level 1:colcon.colcon_core.package_identification:_identify(src) by extensions ['cmake', 'python']
[0.197s] Level 1:colcon.colcon_core.package_identification:_identify(src) by extension 'cmake'
[0.197s] Level 1:colcon.colcon_core.package_identification:_identify(src) by extension 'python'
[0.197s] Level 1:colcon.colcon_core.package_identification:_identify(src) by extensions ['python_setup_py']
[0.197s] Level 1:colcon.colcon_core.package_identification:_identify(src) by extension 'python_setup_py'
[0.197s] Level 1:colcon.colcon_core.package_identification:_identify(src/cdpr_description) by extensions ['ignore', 'ignore_ament_install']
[0.197s] Level 1:colcon.colcon_core.package_identification:_identify(src/cdpr_description) by extension 'ignore'
[0.197s] Level 1:colcon.colcon_core.package_identification:_identify(src/cdpr_description) by extension 'ignore_ament_install'
[0.197s] Level 1:colcon.colcon_core.package_identification:_identify(src/cdpr_description) by extensions ['colcon_pkg']
[0.197s] Level 1:colcon.colcon_core.package_identification:_identify(src/cdpr_description) by extension 'colcon_pkg'
[0.197s] Level 1:colcon.colcon_core.package_identification:_identify(src/cdpr_description) by extensions ['colcon_meta']
[0.197s] Level 1:colcon.colcon_core.package_identification:_identify(src/cdpr_description) by extension 'colcon_meta'
[0.197s] Level 1:colcon.colcon_core.package_identification:_identify(src/cdpr_description) by extensions ['ros']
[0.197s] Level 1:colcon.colcon_core.package_identification:_identify(src/cdpr_description) by extension 'ros'
[0.200s] DEBUG:colcon.colcon_core.package_identification:Package 'src/cdpr_description' with type 'ros.ament_cmake' and name 'cdpr_description'
[0.200s] Level 1:colcon.colcon_core.package_identification:_identify(src/cdpr_gz_plugins) by extensions ['ignore', 'ignore_ament_install']
[0.200s] Level 1:colcon.colcon_core.package_identification:_identify(src/cdpr_gz_plugins) by extension 'ignore'
[0.200s] Level 1:colcon.colcon_core.package_identification:_identify(src/cdpr_gz_plugins) by extension 'ignore_ament_install'
[0.200s] Level 1:colcon.colcon_core.package_identification:_identify(src/cdpr_gz_plugins) by extensions ['colcon_pkg']
[0.200s] Level 1:colcon.colcon_core.package_identification:_identify(src/cdpr_gz_plugins) by extension 'colcon_pkg'
[0.200s] Level 1:colcon.colcon_core.package_identification:_identify(src/cdpr_gz_plugins) by extensions ['colcon_meta']
[0.200s] Level 1:colcon.colcon_core.package_identification:_identify(src/cdpr_gz_plugins) by extension 'colcon_meta'
[0.200s] Level 1:colcon.colcon_core.package_identification:_identify(src/cdpr_gz_plugins) by extensions ['ros']
[0.200s] Level 1:colcon.colcon_core.package_identification:_identify(src/cdpr_gz_plugins) by extension 'ros'
[0.201s] DEBUG:colcon.colcon_core.package_identification:Package 'src/cdpr_gz_plugins' with type 'ros.ament_cmake' and name 'cdpr_gz_plugins'
[0.201s] Level 1:colcon.colcon_core.package_identification:_identify(worlds) by extensions ['ignore', 'ignore_ament_install']
[0.201s] Level 1:colcon.colcon_core.package_identification:_identify(worlds) by extension 'ignore'
[0.201s] Level 1:colcon.colcon_core.package_identification:_identify(worlds) by extension 'ignore_ament_install'
[0.201s] Level 1:colcon.colcon_core.package_identification:_identify(worlds) by extensions ['colcon_pkg']
[0.201s] Level 1:colcon.colcon_core.package_identification:_identify(worlds) by extension 'colcon_pkg'
[0.201s] Level 1:colcon.colcon_core.package_identification:_identify(worlds) by extensions ['colcon_meta']
[0.201s] Level 1:colcon.colcon_core.package_identification:_identify(worlds) by extension 'colcon_meta'
[0.201s] Level 1:colcon.colcon_core.package_identification:_identify(worlds) by extensions ['ros']
[0.201s] Level 1:colcon.colcon_core.package_identification:_identify(worlds) by extension 'ros'
[0.201s] Level 1:colcon.colcon_core.package_identification:_identify(worlds) by extensions ['cmake', 'python']
[0.201s] Level 1:colcon.colcon_core.package_identification:_identify(worlds) by extension 'cmake'
[0.201s] Level 1:colcon.colcon_core.package_identification:_identify(worlds) by extension 'python'
[0.201s] Level 1:colcon.colcon_core.package_identification:_identify(worlds) by extensions ['python_setup_py']
[0.201s] Level 1:colcon.colcon_core.package_identification:_identify(worlds) by extension 'python_setup_py'
[0.201s] Level 1:colcon.colcon_core.package_discovery:discover_packages(recursive) using defaults
[0.201s] Level 1:colcon.colcon_core.package_discovery:discover_packages(ignore) discover
[0.201s] Level 1:colcon.colcon_core.package_discovery:discover_packages(ignore) using defaults
[0.201s] Level 1:colcon.colcon_core.package_discovery:discover_packages(path) discover
[0.201s] Level 1:colcon.colcon_core.package_discovery:discover_packages(path) using defaults
[0.219s] Level 1:colcon.colcon_core.package_discovery:discover_packages(prefix_path) check parameters
[0.219s] Level 1:colcon.colcon_core.package_discovery:discover_packages(prefix_path) discover
[0.221s] DEBUG:colcon.colcon_installed_package_information.package_discovery:Found 322 installed packages in /opt/ros/jazzy
[0.222s] Level 1:colcon.colcon_core.package_discovery:discover_packages(prefix_path) using defaults
[0.267s] Level 5:colcon.colcon_core.verb:set package 'cdpr_description' build argument 'cmake_args' from command line to 'None'
[0.267s] Level 5:colcon.colcon_core.verb:set package 'cdpr_description' build argument 'cmake_target' from command line to 'None'
[0.267s] Level 5:colcon.colcon_core.verb:set package 'cdpr_description' build argument 'cmake_target_skip_unavailable' from command line to 'False'
[0.267s] Level 5:colcon.colcon_core.verb:set package 'cdpr_description' build argument 'cmake_clean_cache' from command line to 'False'
[0.267s] Level 5:colcon.colcon_core.verb:set package 'cdpr_description' build argument 'cmake_clean_first' from command line to 'False'
[0.267s] Level 5:colcon.colcon_core.verb:set package 'cdpr_description' build argument 'cmake_force_configure' from command line to 'False'
[0.267s] Level 5:colcon.colcon_core.verb:set package 'cdpr_description' build argument 'ament_cmake_args' from command line to 'None'
[0.267s] Level 5:colcon.colcon_core.verb:set package 'cdpr_description' build argument 'catkin_cmake_args' from command line to 'None'
[0.267s] Level 5:colcon.colcon_core.verb:set package 'cdpr_description' build argument 'catkin_skip_building_tests' from command line to 'False'
[0.267s] DEBUG:colcon.colcon_core.verb:Building package 'cdpr_description' with the following arguments: {'ament_cmake_args': None, 'build_base': '/home/esus_is_ord/cdpr_ros2_ws/build/cdpr_description', 'catkin_cmake_args': None, 'catkin_skip_building_tests': False, 'cmake_args': None, 'cmake_clean_cache': False, 'cmake_clean_first': False, 'cmake_force_configure': False, 'cmake_target': None, 'cmake_target_skip_unavailable': False, 'install_base': '/home/esus_is_ord/cdpr_ros2_ws/install/cdpr_description', 'merge_install': False, 'path': '/home/esus_is_ord/cdpr_ros2_ws/src/cdpr_description', 'symlink_install': False, 'test_result_base': None}
[0.268s] Level 5:colcon.colcon_core.verb:set package 'cdpr_gz_plugins' build argument 'cmake_args' from command line to 'None'
[0.268s] Level 5:colcon.colcon_core.verb:set package 'cdpr_gz_plugins' build argument 'cmake_target' from command line to 'None'
[0.268s] Level 5:colcon.colcon_core.verb:set package 'cdpr_gz_plugins' build argument 'cmake_target_skip_unavailable' from command line to 'False'
[0.268s] Level 5:colcon.colcon_core.verb:set package 'cdpr_gz_plugins' build argument 'cmake_clean_cache' from command line to 'False'
[0.268s] Level 5:colcon.colcon_core.verb:set package 'cdpr_gz_plugins' build argument 'cmake_clean_first' from command line to 'False'
[0.268s] Level 5:colcon.colcon_core.verb:set package 'cdpr_gz_plugins' build argument 'cmake_force_configure' from command line to 'False'
[0.268s] Level 5:colcon.colcon_core.verb:set package 'cdpr_gz_plugins' build argument 'ament_cmake_args' from command line to 'None'
[0.268s] Level 5:colcon.colcon_core.verb:set package 'cdpr_gz_plugins' build argument 'catkin_cmake_args' from command line to 'None'
[0.268s] Level 5:colcon.colcon_core.verb:set package 'cdpr_gz_plugins' build argument 'catkin_skip_building_tests' from command line to 'False'
[0.268s] DEBUG:colcon.colcon_core.verb:Building package 'cdpr_gz_plugins' with the following arguments: {'ament_cmake_args': None, 'build_base': '/home/esus_is_ord/cdpr_ros2_ws/build/cdpr_gz_plugins', 'catkin_cmake_args': None, 'catkin_skip_building_tests': False, 'cmake_args': None, 'cmake_clean_cache': False, 'cmake_clean_first': False, 'cmake_force_configure': False, 'cmake_target': None, 'cmake_target_skip_unavailable': False, 'install_base': '/home/esus_is_ord/cdpr_ros2_ws/install/cdpr_gz_plugins', 'merge_install': False, 'path': '/home/esus_is_ord/cdpr_ros2_ws/src/cdpr_gz_plugins', 'symlink_install': False, 'test_result_base': None}
[0.268s] INFO:colcon.colcon_core.executor:Executing jobs using 'parallel' executor
[0.269s] DEBUG:colcon.colcon_parallel_executor.executor.parallel:run_until_complete
[0.269s] INFO:colcon.colcon_ros.task.ament_cmake.build:Building ROS package in '/home/esus_is_ord/cdpr_ros2_ws/src/cdpr_description' with build type 'ament_cmake'
[0.270s] INFO:colcon.colcon_cmake.task.cmake.build:Building CMake package in '/home/esus_is_ord/cdpr_ros2_ws/src/cdpr_description'
[0.271s] INFO:colcon.colcon_core.plugin_system:Skipping extension 'colcon_core.shell.bat': Not used on non-Windows systems
[0.272s] INFO:colcon.colcon_core.shell:Skip shell extension 'powershell' for command environment: Not usable outside of PowerShell
[0.272s] DEBUG:colcon.colcon_core.shell:Skip shell extension 'dsv' for command environment
[0.276s] INFO:colcon.colcon_ros.task.ament_cmake.build:Building ROS package in '/home/esus_is_ord/cdpr_ros2_ws/src/cdpr_gz_plugins' with build type 'ament_cmake'
[0.276s] INFO:colcon.colcon_cmake.task.cmake.build:Building CMake package in '/home/esus_is_ord/cdpr_ros2_ws/src/cdpr_gz_plugins'
[0.276s] INFO:colcon.colcon_core.shell:Skip shell extension 'powershell' for command environment: Not usable outside of PowerShell
[0.276s] DEBUG:colcon.colcon_core.shell:Skip shell extension 'dsv' for command environment
[0.285s] DEBUG:colcon.colcon_core.event_handler.log_command:Invoking command in '/home/esus_is_ord/cdpr_ros2_ws/build/cdpr_description': CMAKE_PREFIX_PATH=${CMAKE_PREFIX_PATH}:/opt/ros/jazzy /usr/bin/cmake /home/esus_is_ord/cdpr_ros2_ws/src/cdpr_description -DCMAKE_INSTALL_PREFIX=/home/esus_is_ord/cdpr_ros2_ws/install/cdpr_description
[0.291s] DEBUG:colcon.colcon_core.event_handler.log_command:Invoking command in '/home/esus_is_ord/cdpr_ros2_ws/build/cdpr_gz_plugins': CMAKE_PREFIX_PATH=${CMAKE_PREFIX_PATH}:/opt/ros/jazzy /usr/bin/cmake /home/esus_is_ord/cdpr_ros2_ws/src/cdpr_gz_plugins -DCMAKE_INSTALL_PREFIX=/home/esus_is_ord/cdpr_ros2_ws/install/cdpr_gz_plugins
[1.319s] DEBUG:colcon.colcon_core.event_handler.log_command:Invoked command in '/home/esus_is_ord/cdpr_ros2_ws/build/cdpr_description' returned '0': CMAKE_PREFIX_PATH=${CMAKE_PREFIX_PATH}:/opt/ros/jazzy /usr/bin/cmake /home/esus_is_ord/cdpr_ros2_ws/src/cdpr_description -DCMAKE_INSTALL_PREFIX=/home/esus_is_ord/cdpr_ros2_ws/install/cdpr_description
[1.320s] DEBUG:colcon.colcon_core.event_handler.log_command:Invoking command in '/home/esus_is_ord/cdpr_ros2_ws/build/cdpr_description': CMAKE_PREFIX_PATH=${CMAKE_PREFIX_PATH}:/opt/ros/jazzy /usr/bin/cmake --build /home/esus_is_ord/cdpr_ros2_ws/build/cdpr_description -- -j12 -l12
[1.361s] DEBUG:colcon.colcon_core.event_handler.log_command:Invoked command in '/home/esus_is_ord/cdpr_ros2_ws/build/cdpr_description' returned '0': CMAKE_PREFIX_PATH=${CMAKE_PREFIX_PATH}:/opt/ros/jazzy /usr/bin/cmake --build /home/esus_is_ord/cdpr_ros2_ws/build/cdpr_description -- -j12 -l12
[1.371s] DEBUG:colcon.colcon_core.event_handler.log_command:Invoking command in '/home/esus_is_ord/cdpr_ros2_ws/build/cdpr_description': CMAKE_PREFIX_PATH=${CMAKE_PREFIX_PATH}:/opt/ros/jazzy /usr/bin/cmake --install /home/esus_is_ord/cdpr_ros2_ws/build/cdpr_description
[1.385s] Level 1:colcon.colcon_core.environment:create_environment_scripts_only(cdpr_description)
[1.385s] DEBUG:colcon.colcon_core.event_handler.log_command:Invoked command in '/home/esus_is_ord/cdpr_ros2_ws/build/cdpr_description' returned '0': CMAKE_PREFIX_PATH=${CMAKE_PREFIX_PATH}:/opt/ros/jazzy /usr/bin/cmake --install /home/esus_is_ord/cdpr_ros2_ws/build/cdpr_description
[1.388s] Level 1:colcon.colcon_core.environment:checking '/home/esus_is_ord/cdpr_ros2_ws/install/cdpr_description' for CMake module files
[1.389s] Level 1:colcon.colcon_core.environment:checking '/home/esus_is_ord/cdpr_ros2_ws/install/cdpr_description' for CMake config files
[1.389s] Level 1:colcon.colcon_core.shell:create_environment_hook('cdpr_description', 'cmake_prefix_path')
[1.389s] INFO:colcon.colcon_core.shell:Creating environment hook '/home/esus_is_ord/cdpr_ros2_ws/install/cdpr_description/share/cdpr_description/hook/cmake_prefix_path.ps1'
[1.390s] INFO:colcon.colcon_core.shell:Creating environment descriptor '/home/esus_is_ord/cdpr_ros2_ws/install/cdpr_description/share/cdpr_description/hook/cmake_prefix_path.dsv'
[1.390s] INFO:colcon.colcon_core.shell:Creating environment hook '/home/esus_is_ord/cdpr_ros2_ws/install/cdpr_description/share/cdpr_description/hook/cmake_prefix_path.sh'
[1.391s] Level 1:colcon.colcon_core.environment:checking '/home/esus_is_ord/cdpr_ros2_ws/install/cdpr_description/bin'
[1.391s] Level 1:colcon.colcon_core.environment:checking '/home/esus_is_ord/cdpr_ros2_ws/install/cdpr_description/lib/pkgconfig/cdpr_description.pc'
[1.391s] Level 1:colcon.colcon_core.environment:checking '/home/esus_is_ord/cdpr_ros2_ws/install/cdpr_description/lib/python3.12/site-packages'
[1.392s] Level 1:colcon.colcon_core.environment:checking '/home/esus_is_ord/cdpr_ros2_ws/install/cdpr_description/bin'
[1.392s] INFO:colcon.colcon_core.shell:Creating package script '/home/esus_is_ord/cdpr_ros2_ws/install/cdpr_description/share/cdpr_description/package.ps1'
[1.392s] INFO:colcon.colcon_core.shell:Creating package descriptor '/home/esus_is_ord/cdpr_ros2_ws/install/cdpr_description/share/cdpr_description/package.dsv'
[1.393s] INFO:colcon.colcon_core.shell:Creating package script '/home/esus_is_ord/cdpr_ros2_ws/install/cdpr_description/share/cdpr_description/package.sh'
[1.393s] INFO:colcon.colcon_core.shell:Creating package script '/home/esus_is_ord/cdpr_ros2_ws/install/cdpr_description/share/cdpr_description/package.bash'
[1.394s] INFO:colcon.colcon_core.shell:Creating package script '/home/esus_is_ord/cdpr_ros2_ws/install/cdpr_description/share/cdpr_description/package.zsh'
[1.394s] Level 1:colcon.colcon_core.environment:create_file_with_runtime_dependencies(/home/esus_is_ord/cdpr_ros2_ws/install/cdpr_description/share/colcon-core/packages/cdpr_description)
[1.395s] Level 1:colcon.colcon_core.environment:create_environment_scripts_only(cdpr_description)
[1.396s] Level 1:colcon.colcon_core.environment:checking '/home/esus_is_ord/cdpr_ros2_ws/install/cdpr_description' for CMake module files
[1.397s] Level 1:colcon.colcon_core.environment:checking '/home/esus_is_ord/cdpr_ros2_ws/install/cdpr_description' for CMake config files
[1.397s] Level 1:colcon.colcon_core.shell:create_environment_hook('cdpr_description', 'cmake_prefix_path')
[1.397s] INFO:colcon.colcon_core.shell:Creating environment hook '/home/esus_is_ord/cdpr_ros2_ws/install/cdpr_description/share/cdpr_description/hook/cmake_prefix_path.ps1'
[1.398s] INFO:colcon.colcon_core.shell:Creating environment descriptor '/home/esus_is_ord/cdpr_ros2_ws/install/cdpr_description/share/cdpr_description/hook/cmake_prefix_path.dsv'
[1.398s] INFO:colcon.colcon_core.shell:Creating environment hook '/home/esus_is_ord/cdpr_ros2_ws/install/cdpr_description/share/cdpr_description/hook/cmake_prefix_path.sh'
[1.399s] Level 1:colcon.colcon_core.environment:checking '/home/esus_is_ord/cdpr_ros2_ws/install/cdpr_description/bin'
[1.399s] Level 1:colcon.colcon_core.environment:checking '/home/esus_is_ord/cdpr_ros2_ws/install/cdpr_description/lib/pkgconfig/cdpr_description.pc'
[1.399s] Level 1:colcon.colcon_core.environment:checking '/home/esus_is_ord/cdpr_ros2_ws/install/cdpr_description/lib/python3.12/site-packages'
[1.400s] Level 1:colcon.colcon_core.environment:checking '/home/esus_is_ord/cdpr_ros2_ws/install/cdpr_description/bin'
[1.400s] INFO:colcon.colcon_core.shell:Creating package script '/home/esus_is_ord/cdpr_ros2_ws/install/cdpr_description/share/cdpr_description/package.ps1'
[1.401s] INFO:colcon.colcon_core.shell:Creating package descriptor '/home/esus_is_ord/cdpr_ros2_ws/install/cdpr_description/share/cdpr_description/package.dsv'
[1.401s] INFO:colcon.colcon_core.shell:Creating package script '/home/esus_is_ord/cdpr_ros2_ws/install/cdpr_description/share/cdpr_description/package.sh'
[1.402s] INFO:colcon.colcon_core.shell:Creating package script '/home/esus_is_ord/cdpr_ros2_ws/install/cdpr_description/share/cdpr_description/package.bash'
[1.402s] INFO:colcon.colcon_core.shell:Creating package script '/home/esus_is_ord/cdpr_ros2_ws/install/cdpr_description/share/cdpr_description/package.zsh'
[1.402s] Level 1:colcon.colcon_core.environment:create_file_with_runtime_dependencies(/home/esus_is_ord/cdpr_ros2_ws/install/cdpr_description/share/colcon-core/packages/cdpr_description)
[5.856s] DEBUG:colcon.colcon_core.event_handler.log_command:Invoked command in '/home/esus_is_ord/cdpr_ros2_ws/build/cdpr_gz_plugins' returned '0': CMAKE_PREFIX_PATH=${CMAKE_PREFIX_PATH}:/opt/ros/jazzy /usr/bin/cmake /home/esus_is_ord/cdpr_ros2_ws/src/cdpr_gz_plugins -DCMAKE_INSTALL_PREFIX=/home/esus_is_ord/cdpr_ros2_ws/install/cdpr_gz_plugins
[5.857s] DEBUG:colcon.colcon_core.event_handler.log_command:Invoking command in '/home/esus_is_ord/cdpr_ros2_ws/build/cdpr_gz_plugins': CMAKE_PREFIX_PATH=${CMAKE_PREFIX_PATH}:/opt/ros/jazzy /usr/bin/cmake --build /home/esus_is_ord/cdpr_ros2_ws/build/cdpr_gz_plugins -- -j12 -l12
[8.384s] DEBUG:colcon.colcon_core.event_handler.log_command:Invoked command in '/home/esus_is_ord/cdpr_ros2_ws/build/cdpr_gz_plugins' returned '0': CMAKE_PREFIX_PATH=${CMAKE_PREFIX_PATH}:/opt/ros/jazzy /usr/bin/cmake --build /home/esus_is_ord/cdpr_ros2_ws/build/cdpr_gz_plugins -- -j12 -l12
[8.385s] DEBUG:colcon.colcon_core.event_handler.log_command:Invoking command in '/home/esus_is_ord/cdpr_ros2_ws/build/cdpr_gz_plugins': CMAKE_PREFIX_PATH=${CMAKE_PREFIX_PATH}:/opt/ros/jazzy /usr/bin/cmake --install /home/esus_is_ord/cdpr_ros2_ws/build/cdpr_gz_plugins
[8.400s] Level 1:colcon.colcon_core.environment:create_environment_scripts_only(cdpr_gz_plugins)
[8.400s] Level 1:colcon.colcon_core.environment:checking '/home/esus_is_ord/cdpr_ros2_ws/install/cdpr_gz_plugins' for CMake module files
[8.401s] DEBUG:colcon.colcon_core.event_handler.log_command:Invoked command in '/home/esus_is_ord/cdpr_ros2_ws/build/cdpr_gz_plugins' returned '0': CMAKE_PREFIX_PATH=${CMAKE_PREFIX_PATH}:/opt/ros/jazzy /usr/bin/cmake --install /home/esus_is_ord/cdpr_ros2_ws/build/cdpr_gz_plugins
[8.401s] Level 1:colcon.colcon_core.environment:checking '/home/esus_is_ord/cdpr_ros2_ws/install/cdpr_gz_plugins' for CMake config files
[8.401s] Level 1:colcon.colcon_core.shell:create_environment_hook('cdpr_gz_plugins', 'cmake_prefix_path')
[8.401s] INFO:colcon.colcon_core.shell:Creating environment hook '/home/esus_is_ord/cdpr_ros2_ws/install/cdpr_gz_plugins/share/cdpr_gz_plugins/hook/cmake_prefix_path.ps1'
[8.402s] INFO:colcon.colcon_core.shell:Creating environment descriptor '/home/esus_is_ord/cdpr_ros2_ws/install/cdpr_gz_plugins/share/cdpr_gz_plugins/hook/cmake_prefix_path.dsv'
[8.402s] INFO:colcon.colcon_core.shell:Creating environment hook '/home/esus_is_ord/cdpr_ros2_ws/install/cdpr_gz_plugins/share/cdpr_gz_plugins/hook/cmake_prefix_path.sh'
[8.403s] Level 1:colcon.colcon_core.environment:checking '/home/esus_is_ord/cdpr_ros2_ws/install/cdpr_gz_plugins/lib'
[8.403s] Level 1:colcon.colcon_core.shell:create_environment_hook('cdpr_gz_plugins', 'ld_library_path_lib')
[8.403s] INFO:colcon.colcon_core.shell:Creating environment hook '/home/esus_is_ord/cdpr_ros2_ws/install/cdpr_gz_plugins/share/cdpr_gz_plugins/hook/ld_library_path_lib.ps1'
[8.403s] INFO:colcon.colcon_core.shell:Creating environment descriptor '/home/esus_is_ord/cdpr_ros2_ws/install/cdpr_gz_plugins/share/cdpr_gz_plugins/hook/ld_library_path_lib.dsv'
[8.404s] INFO:colcon.colcon_core.shell:Creating environment hook '/home/esus_is_ord/cdpr_ros2_ws/install/cdpr_gz_plugins/share/cdpr_gz_plugins/hook/ld_library_path_lib.sh'
[8.404s] Level 1:colcon.colcon_core.environment:checking '/home/esus_is_ord/cdpr_ros2_ws/install/cdpr_gz_plugins/bin'
[8.404s] Level 1:colcon.colcon_core.environment:checking '/home/esus_is_ord/cdpr_ros2_ws/install/cdpr_gz_plugins/lib/pkgconfig/cdpr_gz_plugins.pc'
[8.404s] Level 1:colcon.colcon_core.environment:checking '/home/esus_is_ord/cdpr_ros2_ws/install/cdpr_gz_plugins/lib/python3.12/site-packages'
[8.405s] Level 1:colcon.colcon_core.environment:checking '/home/esus_is_ord/cdpr_ros2_ws/install/cdpr_gz_plugins/bin'
[8.405s] INFO:colcon.colcon_core.shell:Creating package script '/home/esus_is_ord/cdpr_ros2_ws/install/cdpr_gz_plugins/share/cdpr_gz_plugins/package.ps1'
[8.405s] INFO:colcon.colcon_core.shell:Creating package descriptor '/home/esus_is_ord/cdpr_ros2_ws/install/cdpr_gz_plugins/share/cdpr_gz_plugins/package.dsv'
[8.405s] INFO:colcon.colcon_core.shell:Creating package script '/home/esus_is_ord/cdpr_ros2_ws/install/cdpr_gz_plugins/share/cdpr_gz_plugins/package.sh'
[8.406s] INFO:colcon.colcon_core.shell:Creating package script '/home/esus_is_ord/cdpr_ros2_ws/install/cdpr_gz_plugins/share/cdpr_gz_plugins/package.bash'
[8.406s] INFO:colcon.colcon_core.shell:Creating package script '/home/esus_is_ord/cdpr_ros2_ws/install/cdpr_gz_plugins/share/cdpr_gz_plugins/package.zsh'
[8.406s] Level 1:colcon.colcon_core.environment:create_file_with_runtime_dependencies(/home/esus_is_ord/cdpr_ros2_ws/install/cdpr_gz_plugins/share/colcon-core/packages/cdpr_gz_plugins)
[8.407s] Level 1:colcon.colcon_core.environment:create_environment_scripts_only(cdpr_gz_plugins)
[8.407s] Level 1:colcon.colcon_core.environment:checking '/home/esus_is_ord/cdpr_ros2_ws/install/cdpr_gz_plugins' for CMake module files
[8.408s] Level 1:colcon.colcon_core.environment:checking '/home/esus_is_ord/cdpr_ros2_ws/install/cdpr_gz_plugins' for CMake config files
[8.408s] Level 1:colcon.colcon_core.shell:create_environment_hook('cdpr_gz_plugins', 'cmake_prefix_path')
[8.408s] INFO:colcon.colcon_core.shell:Creating environment hook '/home/esus_is_ord/cdpr_ros2_ws/install/cdpr_gz_plugins/share/cdpr_gz_plugins/hook/cmake_prefix_path.ps1'
[8.408s] INFO:colcon.colcon_core.shell:Creating environment descriptor '/home/esus_is_ord/cdpr_ros2_ws/install/cdpr_gz_plugins/share/cdpr_gz_plugins/hook/cmake_prefix_path.dsv'
[8.409s] INFO:colcon.colcon_core.shell:Creating environment hook '/home/esus_is_ord/cdpr_ros2_ws/install/cdpr_gz_plugins/share/cdpr_gz_plugins/hook/cmake_prefix_path.sh'
[8.409s] Level 1:colcon.colcon_core.environment:checking '/home/esus_is_ord/cdpr_ros2_ws/install/cdpr_gz_plugins/lib'
[8.409s] Level 1:colcon.colcon_core.shell:create_environment_hook('cdpr_gz_plugins', 'ld_library_path_lib')
[8.409s] INFO:colcon.colcon_core.shell:Creating environment hook '/home/esus_is_ord/cdpr_ros2_ws/install/cdpr_gz_plugins/share/cdpr_gz_plugins/hook/ld_library_path_lib.ps1'
[8.410s] INFO:colcon.colcon_core.shell:Creating environment descriptor '/home/esus_is_ord/cdpr_ros2_ws/install/cdpr_gz_plugins/share/cdpr_gz_plugins/hook/ld_library_path_lib.dsv'
[8.410s] INFO:colcon.colcon_core.shell:Creating environment hook '/home/esus_is_ord/cdpr_ros2_ws/install/cdpr_gz_plugins/share/cdpr_gz_plugins/hook/ld_library_path_lib.sh'
[8.410s] Level 1:colcon.colcon_core.environment:checking '/home/esus_is_ord/cdpr_ros2_ws/install/cdpr_gz_plugins/bin'
[8.410s] Level 1:colcon.colcon_core.environment:checking '/home/esus_is_ord/cdpr_ros2_ws/install/cdpr_gz_plugins/lib/pkgconfig/cdpr_gz_plugins.pc'
[8.411s] Level 1:colcon.colcon_core.environment:checking '/home/esus_is_ord/cdpr_ros2_ws/install/cdpr_gz_plugins/lib/python3.12/site-packages'
[8.411s] Level 1:colcon.colcon_core.environment:checking '/home/esus_is_ord/cdpr_ros2_ws/install/cdpr_gz_plugins/bin'
[8.411s] INFO:colcon.colcon_core.shell:Creating package script '/home/esus_is_ord/cdpr_ros2_ws/install/cdpr_gz_plugins/share/cdpr_gz_plugins/package.ps1'
[8.411s] INFO:colcon.colcon_core.shell:Creating package descriptor '/home/esus_is_ord/cdpr_ros2_ws/install/cdpr_gz_plugins/share/cdpr_gz_plugins/package.dsv'
[8.412s] INFO:colcon.colcon_core.shell:Creating package script '/home/esus_is_ord/cdpr_ros2_ws/install/cdpr_gz_plugins/share/cdpr_gz_plugins/package.sh'
[8.412s] INFO:colcon.colcon_core.shell:Creating package script '/home/esus_is_ord/cdpr_ros2_ws/install/cdpr_gz_plugins/share/cdpr_gz_plugins/package.bash'
[8.413s] INFO:colcon.colcon_core.shell:Creating package script '/home/esus_is_ord/cdpr_ros2_ws/install/cdpr_gz_plugins/share/cdpr_gz_plugins/package.zsh'
[8.413s] Level 1:colcon.colcon_core.environment:create_file_with_runtime_dependencies(/home/esus_is_ord/cdpr_ros2_ws/install/cdpr_gz_plugins/share/colcon-core/packages/cdpr_gz_plugins)
[8.413s] DEBUG:colcon.colcon_parallel_executor.executor.parallel:closing loop
[8.414s] DEBUG:colcon.colcon_parallel_executor.executor.parallel:loop closed
[8.414s] DEBUG:colcon.colcon_parallel_executor.executor.parallel:run_until_complete finished with '0'
[8.414s] DEBUG:colcon.colcon_core.event_reactor:joining thread
[8.433s] INFO:colcon.colcon_core.plugin_system:Skipping extension 'colcon_notification.desktop_notification.notify_send': Could not find 'notify-send'
[8.433s] INFO:colcon.colcon_core.plugin_system:Skipping extension 'colcon_notification.desktop_notification.terminal_notifier': Not used on non-Darwin systems
[8.433s] INFO:colcon.colcon_core.plugin_system:Skipping extension 'colcon_notification.desktop_notification.win32': Not used on non-Windows systems
[8.433s] INFO:colcon.colcon_notification.desktop_notification:Sending desktop notification using 'notify2'
[8.435s] DEBUG:colcon.colcon_notification.desktop_notification.notify2:Failed to initialize notify2: org.freedesktop.DBus.Error.ServiceUnknown: The name org.freedesktop.Notifications was not provided by any .service files
[8.435s] DEBUG:colcon.colcon_core.event_reactor:joined thread
[8.435s] INFO:colcon.colcon_core.shell:Creating prefix script '/home/esus_is_ord/cdpr_ros2_ws/install/local_setup.ps1'
[8.436s] INFO:colcon.colcon_core.shell:Creating prefix util module '/home/esus_is_ord/cdpr_ros2_ws/install/_local_setup_util_ps1.py'
[8.436s] INFO:colcon.colcon_core.shell:Creating prefix chain script '/home/esus_is_ord/cdpr_ros2_ws/install/setup.ps1'
[8.437s] INFO:colcon.colcon_core.shell:Creating prefix script '/home/esus_is_ord/cdpr_ros2_ws/install/local_setup.sh'
[8.438s] INFO:colcon.colcon_core.shell:Creating prefix util module '/home/esus_is_ord/cdpr_ros2_ws/install/_local_setup_util_sh.py'
[8.438s] INFO:colcon.colcon_core.shell:Creating prefix chain script '/home/esus_is_ord/cdpr_ros2_ws/install/setup.sh'
[8.439s] INFO:colcon.colcon_core.shell:Creating prefix script '/home/esus_is_ord/cdpr_ros2_ws/install/local_setup.bash'
[8.439s] INFO:colcon.colcon_core.shell:Creating prefix chain script '/home/esus_is_ord/cdpr_ros2_ws/install/setup.bash'
[8.440s] INFO:colcon.colcon_core.shell:Creating prefix script '/home/esus_is_ord/cdpr_ros2_ws/install/local_setup.zsh'
[8.440s] INFO:colcon.colcon_core.shell:Creating prefix chain script '/home/esus_is_ord/cdpr_ros2_ws/install/setup.zsh'
